This is pdfTeX, Version 3.141592653-2.6-1.40.24 (TeX Live 2022) (preloaded format=pdflatex 2022.9.12)  17 OCT 2024 18:56
entering extended mode
 restricted \write18 enabled.
 %&-line parsing enabled.
**access.tex
(./access.tex
LaTeX2e <2022-06-01> patch level 5
L3 programming layer <2022-08-30> (./ieeeaccess.cls (./IEEEtran.cls
Document Class: IEEEtran 2015/08/26 V1.8b by Michael Shell
-- See the "IEEEtran_HOWTO" manual for usage information.
-- http://www.michaelshell.org/tex/ieeetran/
\@IEEEtrantmpdimenA=\dimen138
\@IEEEtrantmpdimenB=\dimen139
\@IEEEtrantmpdimenC=\dimen140
\@IEEEtrantmpcountA=\count185
\@IEEEtrantmpcountB=\count186
\@IEEEtrantmpcountC=\count187
\@IEEEtrantmptoksA=\toks16
LaTeX Font Info:    Trying to load font information for OT1+ptm on input line 5
03.
(c:/texlive/2022/texmf-dist/tex/latex/psnfss/ot1ptm.fd
File: ot1ptm.fd 2001/06/04 font definitions for OT1/ptm.
)
-- Using 8.5in x 11in (letter) paper.
-- Using PDF output.
\@IEEEnormalsizeunitybaselineskip=\dimen141
-- This is a 10 point document.
\CLASSINFOnormalsizebaselineskip=\dimen142
\CLASSINFOnormalsizeunitybaselineskip=\dimen143
\IEEEnormaljot=\dimen144
LaTeX Font Info:    Font shape `OT1/ptm/bx/n' in size <5> not available
(Font)              Font shape `OT1/ptm/b/n' tried instead on input line 1090.
LaTeX Font Info:    Font shape `OT1/ptm/bx/it' in size <5> not available
(Font)              Font shape `OT1/ptm/b/it' tried instead on input line 1090.

LaTeX Font Info:    Font shape `OT1/ptm/bx/n' in size <7> not available
(Font)              Font shape `OT1/ptm/b/n' tried instead on input line 1090.
LaTeX Font Info:    Font shape `OT1/ptm/bx/it' in size <7> not available
(Font)              Font shape `OT1/ptm/b/it' tried instead on input line 1090.

LaTeX Font Info:    Font shape `OT1/ptm/bx/n' in size <8> not available
(Font)              Font shape `OT1/ptm/b/n' tried instead on input line 1090.
LaTeX Font Info:    Font shape `OT1/ptm/bx/it' in size <8> not available
(Font)              Font shape `OT1/ptm/b/it' tried instead on input line 1090.

LaTeX Font Info:    Font shape `OT1/ptm/bx/n' in size <9> not available
(Font)              Font shape `OT1/ptm/b/n' tried instead on input line 1090.
LaTeX Font Info:    Font shape `OT1/ptm/bx/it' in size <9> not available
(Font)              Font shape `OT1/ptm/b/it' tried instead on input line 1090.

LaTeX Font Info:    Font shape `OT1/ptm/bx/n' in size <10> not available
(Font)              Font shape `OT1/ptm/b/n' tried instead on input line 1090.
LaTeX Font Info:    Font shape `OT1/ptm/bx/it' in size <10> not available
(Font)              Font shape `OT1/ptm/b/it' tried instead on input line 1090.

LaTeX Font Info:    Font shape `OT1/ptm/bx/n' in size <11> not available
(Font)              Font shape `OT1/ptm/b/n' tried instead on input line 1090.
LaTeX Font Info:    Font shape `OT1/ptm/bx/it' in size <11> not available
(Font)              Font shape `OT1/ptm/b/it' tried instead on input line 1090.

LaTeX Font Info:    Font shape `OT1/ptm/bx/n' in size <12> not available
(Font)              Font shape `OT1/ptm/b/n' tried instead on input line 1090.
LaTeX Font Info:    Font shape `OT1/ptm/bx/it' in size <12> not available
(Font)              Font shape `OT1/ptm/b/it' tried instead on input line 1090.

LaTeX Font Info:    Font shape `OT1/ptm/bx/n' in size <17> not available
(Font)              Font shape `OT1/ptm/b/n' tried instead on input line 1090.
LaTeX Font Info:    Font shape `OT1/ptm/bx/it' in size <17> not available
(Font)              Font shape `OT1/ptm/b/it' tried instead on input line 1090.

LaTeX Font Info:    Font shape `OT1/ptm/bx/n' in size <20> not available
(Font)              Font shape `OT1/ptm/b/n' tried instead on input line 1090.
LaTeX Font Info:    Font shape `OT1/ptm/bx/it' in size <20> not available
(Font)              Font shape `OT1/ptm/b/it' tried instead on input line 1090.

LaTeX Font Info:    Font shape `OT1/ptm/bx/n' in size <24> not available
(Font)              Font shape `OT1/ptm/b/n' tried instead on input line 1090.
LaTeX Font Info:    Font shape `OT1/ptm/bx/it' in size <24> not available
(Font)              Font shape `OT1/ptm/b/it' tried instead on input line 1090.

\IEEEquantizedlength=\dimen145
\IEEEquantizedlengthdiff=\dimen146
\IEEEquantizedtextheightdiff=\dimen147
\IEEEilabelindentA=\dimen148
\IEEEilabelindentB=\dimen149
\IEEEilabelindent=\dimen150
\IEEEelabelindent=\dimen151
\IEEEdlabelindent=\dimen152
\IEEElabelindent=\dimen153
\IEEEiednormlabelsep=\dimen154
\IEEEiedmathlabelsep=\dimen155
\IEEEiedtopsep=\skip47
\c@section=\count188
\c@subsection=\count189
\c@subsubsection=\count190
\c@paragraph=\count191
\c@IEEEsubequation=\count192
\abovecaptionskip=\skip48
\belowcaptionskip=\skip49
\c@figure=\count193
\c@table=\count194
\@IEEEeqnnumcols=\count195
\@IEEEeqncolcnt=\count196
\@IEEEsubeqnnumrollback=\count197
\@IEEEquantizeheightA=\dimen156
\@IEEEquantizeheightB=\dimen157
\@IEEEquantizeheightC=\dimen158
\@IEEEquantizeprevdepth=\dimen159
\@IEEEquantizemultiple=\count198
\@IEEEquantizeboxA=\box51
\@IEEEtmpitemindent=\dimen160
\IEEEPARstartletwidth=\dimen161
\c@IEEEbiography=\count199
\@IEEEtranrubishbin=\box52
) (c:/texlive/2022/texmf-dist/tex/generic/iftex/ifpdf.sty
Package: ifpdf 2019/10/25 v3.4 ifpdf legacy package. Use iftex instead.

(c:/texlive/2022/texmf-dist/tex/generic/iftex/iftex.sty
Package: iftex 2022/02/03 v1.0f TeX engine tests
))
(c:/texlive/2022/texmf-dist/tex/latex/xkeyval/xkeyval.sty
Package: xkeyval 2022/06/16 v2.9 package option processing (HA)

(c:/texlive/2022/texmf-dist/tex/generic/xkeyval/xkeyval.tex
(c:/texlive/2022/texmf-dist/tex/generic/xkeyval/xkvutils.tex
\XKV@toks=\toks17
\XKV@tempa@toks=\toks18

(c:/texlive/2022/texmf-dist/tex/generic/xkeyval/keyval.tex))
\XKV@depth=\count266
File: xkeyval.tex 2014/12/03 v2.7a key=value parser (HA)
)){c:/texlive/2022/texmf-var/fonts/map/pdftex/updmap/pdftex.map}{t1-times.map}{
t1-formata.map}{t1-giovannistd.map}
\@draftversionrule=\dimen162
 (c:/texlive/2022/texmf-dist/tex/latex/graphics/color.sty
Package: color 2022/01/06 v1.3d Standard LaTeX Color (DPC)

(c:/texlive/2022/texmf-dist/tex/latex/graphics-cfg/color.cfg
File: color.cfg 2016/01/02 v1.6 sample color configuration
)
Package color Info: Driver file: pdftex.def on input line 149.

(c:/texlive/2022/texmf-dist/tex/latex/graphics-def/pdftex.def
File: pdftex.def 2020/10/05 v1.2a Graphics/color driver for pdftex
)
(c:/texlive/2022/texmf-dist/tex/latex/graphics/mathcolor.ltx)) (./spotcolor.sty
Package: spotcolor 2006/11/15 v1.2 Package for adding Spot Color support to pdf
LaTeX.
(c:/texlive/2022/texmf-dist/tex/latex/graphics/graphics.sty
Package: graphics 2022/03/10 v1.4e Standard LaTeX Graphics (DPC,SPQR)

(c:/texlive/2022/texmf-dist/tex/latex/graphics/trig.sty
Package: trig 2021/08/11 v1.11 sin cos tan (DPC)
)
(c:/texlive/2022/texmf-dist/tex/latex/graphics-cfg/graphics.cfg
File: graphics.cfg 2016/06/04 v1.11 sample graphics configuration
)
Package graphics Info: Driver file: pdftex.def on input line 107.
)
\thecolorprofile=\count267
\thecolor=\count268
)
\PANTONE=\toks19
Package color Info: Redefining color black on input line 287.
\figbox=\box53
\titlewidth=\skip50
\abstractwidth=\skip51
\c@addrCtr=\count269
\abstractbox=\box54
\indexbox=\box55
\absht=\dimen163
\kwdht=\dimen164
\@tempcntc=\count270
\titlepgskip=\skip52
\maketitlebox=\box56
)
(c:/texlive/2022/texmf-dist/tex/latex/cite/cite.sty
LaTeX Info: Redefining \cite on input line 302.
LaTeX Info: Redefining \nocite on input line 332.
Package: cite 2015/02/27  v 5.5
)
(c:/texlive/2022/texmf-dist/tex/latex/amsmath/amsmath.sty
Package: amsmath 2022/04/08 v2.17n AMS math features
\@mathmargin=\skip53

For additional information on amsmath, use the `?' option.
(c:/texlive/2022/texmf-dist/tex/latex/amsmath/amstext.sty
Package: amstext 2021/08/26 v2.01 AMS text

(c:/texlive/2022/texmf-dist/tex/latex/amsmath/amsgen.sty
File: amsgen.sty 1999/11/30 v2.0 generic functions
\@emptytoks=\toks20
\ex@=\dimen165
))
(c:/texlive/2022/texmf-dist/tex/latex/amsmath/amsbsy.sty
Package: amsbsy 1999/11/29 v1.2d Bold Symbols
\pmbraise@=\dimen166
)
(c:/texlive/2022/texmf-dist/tex/latex/amsmath/amsopn.sty
Package: amsopn 2022/04/08 v2.04 operator names
)
\inf@bad=\count271
LaTeX Info: Redefining \frac on input line 234.
\uproot@=\count272
\leftroot@=\count273
LaTeX Info: Redefining \overline on input line 399.
LaTeX Info: Redefining \colon on input line 410.
\classnum@=\count274
\DOTSCASE@=\count275
LaTeX Info: Redefining \ldots on input line 496.
LaTeX Info: Redefining \dots on input line 499.
LaTeX Info: Redefining \cdots on input line 620.
\Mathstrutbox@=\box57
\strutbox@=\box58
LaTeX Info: Redefining \big on input line 722.
LaTeX Info: Redefining \Big on input line 723.
LaTeX Info: Redefining \bigg on input line 724.
LaTeX Info: Redefining \Bigg on input line 725.
\big@size=\dimen167
LaTeX Font Info:    Redeclaring font encoding OML on input line 743.
LaTeX Font Info:    Redeclaring font encoding OMS on input line 744.
\macc@depth=\count276
LaTeX Info: Redefining \bmod on input line 905.
LaTeX Info: Redefining \pmod on input line 910.
LaTeX Info: Redefining \smash on input line 940.
LaTeX Info: Redefining \relbar on input line 970.
LaTeX Info: Redefining \Relbar on input line 971.
\c@MaxMatrixCols=\count277
\dotsspace@=\muskip16
\c@parentequation=\count278
\dspbrk@lvl=\count279
\tag@help=\toks21
\row@=\count280
\column@=\count281
\maxfields@=\count282
\andhelp@=\toks22
\eqnshift@=\dimen168
\alignsep@=\dimen169
\tagshift@=\dimen170
\tagwidth@=\dimen171
\totwidth@=\dimen172
\lineht@=\dimen173
\@envbody=\toks23
\multlinegap=\skip54
\multlinetaggap=\skip55
\mathdisplay@stack=\toks24
LaTeX Info: Redefining \[ on input line 2953.
LaTeX Info: Redefining \] on input line 2954.
)
(c:/texlive/2022/texmf-dist/tex/latex/amsfonts/amssymb.sty
Package: amssymb 2013/01/14 v3.01 AMS font symbols

(c:/texlive/2022/texmf-dist/tex/latex/amsfonts/amsfonts.sty
Package: amsfonts 2013/01/14 v3.01 Basic AMSFonts support
\symAMSa=\mathgroup4
\symAMSb=\mathgroup5
LaTeX Font Info:    Redeclaring math symbol \hbar on input line 98.
LaTeX Font Info:    Overwriting math alphabet `\mathfrak' in version `bold'
(Font)                  U/euf/m/n --> U/euf/b/n on input line 106.
))
(c:/texlive/2022/texmf-dist/tex/latex/algorithms/algorithmic.sty
Package: algorithmic 2009/08/24 v0.1 Document Style `algorithmic'

(c:/texlive/2022/texmf-dist/tex/latex/base/ifthen.sty
Package: ifthen 2022/04/13 v1.1d Standard LaTeX ifthen package (DPC)
)
\c@ALC@unique=\count283
\c@ALC@line=\count284
\c@ALC@rem=\count285
\c@ALC@depth=\count286
\ALC@tlm=\skip56
\algorithmicindent=\skip57
)
(c:/texlive/2022/texmf-dist/tex/latex/graphics/graphicx.sty
Package: graphicx 2021/09/16 v1.2d Enhanced LaTeX Graphics (DPC,SPQR)
\Gin@req@height=\dimen174
\Gin@req@width=\dimen175
)
(c:/texlive/2022/texmf-dist/tex/latex/base/textcomp.sty
Package: textcomp 2020/02/02 v2.0n Standard LaTeX package
)
(c:/texlive/2022/texmf-dist/tex/latex/algorithm2e/algorithm2e.sty
Package: algorithm2e 2017/07/18 v5.2 algorithms environments
\c@AlgoLine=\count287
\algocf@hangindent=\skip58

(c:/texlive/2022/texmf-dist/tex/latex/ifoddpage/ifoddpage.sty
Package: ifoddpage 2016/04/23 v1.1 Conditionals for odd/even page detection
\c@checkoddpage=\count288
)
(c:/texlive/2022/texmf-dist/tex/latex/tools/xspace.sty
Package: xspace 2014/10/28 v1.13 Space after command names (DPC,MH)
)
(c:/texlive/2022/texmf-dist/tex/latex/relsize/relsize.sty
Package: relsize 2013/03/29 ver 4.1
)
\skiptotal=\skip59
\skiplinenumber=\skip60
\skiprule=\skip61
\skiphlne=\skip62
\skiptext=\skip63
\skiplength=\skip64
\algomargin=\skip65
\skipalgocfslide=\skip66
\algowidth=\dimen176
\inoutsize=\dimen177
\inoutindent=\dimen178
\interspacetitleruled=\dimen179
\interspacealgoruled=\dimen180
\interspacetitleboxruled=\dimen181
\algocf@ruledwidth=\skip67
\algocf@inoutbox=\box59
\algocf@inputbox=\box60
\AlCapSkip=\skip68
\AlCapHSkip=\skip69
\algoskipindent=\skip70
\algocf@nlbox=\box61
\algocf@hangingbox=\box62
\algocf@untilbox=\box63
\algocf@skipuntil=\skip71
\algocf@capbox=\box64
\algocf@lcaptionbox=\skip72
\algoheightruledefault=\skip73
\algoheightrule=\skip74
\algotitleheightruledefault=\skip75
\algotitleheightrule=\skip76
\c@algocfline=\count289
\c@algocfproc=\count290
\c@algocf=\count291
\algocf@algoframe=\box65
\algocf@algobox=\box66
)
(c:/texlive/2022/texmf-dist/tex/latex/psfrag/psfrag.sty
Package: psfrag 1998/04/11 v3.04 PSfrag (MCG)
\pfg@pcount=\count292
\pfg@scount=\count293
\pfg@temp=\write3
)
(c:/texlive/2022/texmf-dist/tex/latex/multirow/bigdelim.sty
Package: bigdelim 2021/03/15 v2.8 Create big delimiters in tabular or array

(c:/texlive/2022/texmf-dist/tex/latex/multirow/multirow.sty
Package: multirow 2021/03/15 v2.8 Span multiple rows of a table
\multirow@colwidth=\skip77
\multirow@cntb=\count294
\multirow@dima=\skip78
\bigstrutjot=\dimen182
))
(c:/texlive/2022/texmf-dist/tex/latex/doublestroke/dsfont.sty
Package: dsfont 1995/08/01 v0.1 Double stroke roman fonts
)
(c:/texlive/2022/texmf-dist/tex/generic/soul/soul.sty
Package: soul 2003/11/17 v2.4 letterspacing/underlining (mf)
\SOUL@word=\toks25
\SOUL@lasttoken=\toks26
\SOUL@cmds=\toks27
\SOUL@buffer=\toks28
\SOUL@token=\toks29
\SOUL@spaceskip=\skip79
\SOUL@ttwidth=\dimen183
\SOUL@uldp=\dimen184
\SOUL@ulht=\dimen185
)
(c:/texlive/2022/texmf-dist/tex/latex/caption/caption.sty
Package: caption 2022/03/01 v3.6b Customizing captions (AR)

(c:/texlive/2022/texmf-dist/tex/latex/caption/caption3.sty
Package: caption3 2022/03/17 v2.3b caption3 kernel (AR)
\caption@tempdima=\dimen186
\captionmargin=\dimen187
\caption@leftmargin=\dimen188
\caption@rightmargin=\dimen189
\caption@width=\dimen190
\caption@indent=\dimen191
\caption@parindent=\dimen192
\caption@hangindent=\dimen193
Package caption Info: Unknown document class (or package),
(caption)             standard defaults will be used.
Package caption Info: \@makecaption = \long macro:#1#2->\ifx \@captype \@IEEEta
blestring \begin {flushleft} \vspace *{5pt} {\vss \color {accessblue}\tablecaph
eadfont #1. \ }{\raggedright \tablecapfont #2\vss }\end {flushleft} \@IEEEtable
captionsepspace \else \@IEEEfigurecaptionsepspace \setbox \@tempboxa \hbox {\st
rut {\color {accessblue}\figcapheadfont #1. \ }\raggedright \figcapfont #2\stru
t }\ifdim \wd \@tempboxa <\columnwidth \setbox \@tempboxa \hbox {{\color {acces
sblue}\figcapheadfont #1. \ }}\mbox {}\hfill \begin {tabular}{@{}l@{}}\noindent
 \raggedright \unhbox \@tempboxa \figcapfont #2\end {tabular}\hfill \mbox {}\el
se \setbox \@tempboxa \hbox {{\color {accessblue}\figcapheadfont #1. \ }}{\vss 
\raggedright \noindent \unhbox \@tempboxa \figcapfont #2\vss }\fi \fi \vskip 1p
t plus 1pt minus 1pt on input line 1176.
)

Package caption Warning: Unknown document class (or package),
(caption)                standard defaults will be used.
See the caption package documentation for explanation.

\c@caption@flags=\count295
\c@continuedfloat=\count296
) (c:/texlive/2022/texmf-dist/tex/latex/caption/subcaption.sty
Package: subcaption 2022/01/07 v1.5 Sub-captions (AR)
\c@subfigure=\count297
\c@subtable=\count298
)
(c:/texlive/2022/texmf-dist/tex/latex/url/url.sty
\Urlmuskip=\muskip17
Package: url 2013/09/16  ver 3.4  Verb mode for urls, etc.
)
(c:/texlive/2022/texmf-dist/tex/latex/tools/array.sty
Package: array 2022/03/10 v2.5f Tabular extension package (FMi)
\col@sep=\dimen194
\ar@mcellbox=\box67
\extrarowheight=\dimen195
\NC@list=\toks30
\extratabsurround=\skip80
\backup@length=\skip81
\ar@cellbox=\box68
)
(c:/texlive/2022/texmf-dist/tex/latex/makecell/makecell.sty
Package: makecell 2009/08/03 V0.1e Managing of Tab Column Heads and Cells
\rotheadsize=\dimen196
\c@nlinenum=\count299
\TeXr@lab=\toks31
)
(c:/texlive/2022/texmf-dist/tex/latex/l3backend/l3backend-pdftex.def
File: l3backend-pdftex.def 2022-08-30 L3 backend support: PDF output (pdfTeX)
\l__color_backend_stack_int=\count300
\l__pdf_internal_box=\box69
)
(./access.aux)
\openout1 = `access.aux'.

LaTeX Font Info:    Checking defaults for OML/cmm/m/it on input line 24.
LaTeX Font Info:    ... okay on input line 24.
LaTeX Font Info:    Checking defaults for OMS/cmsy/m/n on input line 24.
LaTeX Font Info:    ... okay on input line 24.
LaTeX Font Info:    Checking defaults for OT1/cmr/m/n on input line 24.
LaTeX Font Info:    ... okay on input line 24.
LaTeX Font Info:    Checking defaults for T1/cmr/m/n on input line 24.
LaTeX Font Info:    ... okay on input line 24.
LaTeX Font Info:    Checking defaults for TS1/cmr/m/n on input line 24.
LaTeX Font Info:    ... okay on input line 24.
LaTeX Font Info:    Checking defaults for OMX/cmex/m/n on input line 24.
LaTeX Font Info:    ... okay on input line 24.
LaTeX Font Info:    Checking defaults for U/cmr/m/n on input line 24.
LaTeX Font Info:    ... okay on input line 24.

-- Lines per column: 56 (exact).
\symNewLetters=\mathgroup6
\symxsymbols=\mathgroup7
LaTeX Font Info:    Redeclaring math symbol \ddagger on input line 24.
LaTeX Font Info:    Redeclaring math symbol \dagger on input line 24.
\c@mv@regular=\count301
LaTeX Font Info:    Encoding `OT1' has changed to `T1' for symbol font
(Font)              `operators' in the math version `regular' on input line 24.

LaTeX Font Info:    Overwriting symbol font `operators' in version `regular'
(Font)                  OT1/cmr/m/n --> T1/formata/n/n on input line 24.
LaTeX Font Info:    Overwriting symbol font `NewLetters' in version `regular'
(Font)                  T1/times/n/it --> T1/formata/n/it on input line 24.
LaTeX Font Info:    Overwriting math alphabet `\mathrm' in version `regular'
(Font)                  T1/formata/n/n --> T1/formata/n/n on input line 24.
LaTeX Font Info:    Overwriting math alphabet `\mathit' in version `regular'
(Font)                  OT1/cmr/m/it --> T1/formata/n/it on input line 24.
LaTeX Font Info:    Overwriting math alphabet `\mathbf' in version `regular'
(Font)                  OT1/cmr/bx/n --> T1/formata/m/n on input line 24.
LaTeX Font Info:    Overwriting math alphabet `\mathtt' in version `regular'
(Font)                  OT1/cmtt/m/n --> OT1/pcr/m/n on input line 24.
\c@mv@medium=\count302
LaTeX Font Info:    Encoding `OT1' has changed to `T1' for symbol font
(Font)              `operators' in the math version `medium' on input line 24.
LaTeX Font Info:    Overwriting symbol font `operators' in version `medium'
(Font)                  OT1/cmr/m/n --> T1/formata/m/n on input line 24.
LaTeX Font Info:    Overwriting symbol font `NewLetters' in version `medium'
(Font)                  T1/times/n/it --> T1/formata/m/it on input line 24.
LaTeX Font Info:    Overwriting math alphabet `\mathrm' in version `medium'
(Font)                  > T1/formata/m/n on input line 24.
LaTeX Font Info:    Overwriting math alphabet `\mathit' in version `medium'
(Font)                  OT1/cmr/m/it --> T1/formata/m/it on input line 24.
LaTeX Font Info:    Overwriting math alphabet `\mathbf' in version `medium'
(Font)                  OT1/cmr/bx/n --> T1/formata/b/n on input line 24.
LaTeX Font Info:    Overwriting math alphabet `\mathtt' in version `medium'
(Font)                  OT1/cmtt/m/n --> OT1/pcr/b/n on input line 24.
\c@mv@black=\count303
LaTeX Font Info:    Encoding `OT1' has changed to `T1' for symbol font
(Font)              `operators' in the math version `black' on input line 24.
LaTeX Font Info:    Overwriting symbol font `operators' in version `black'
(Font)                  OT1/cmr/m/n --> T1/formata/b/n on input line 24.
LaTeX Font Info:    Overwriting symbol font `NewLetters' in version `black'
(Font)                  T1/times/n/it --> T1/formata/b/it on input line 24.
LaTeX Font Info:    Overwriting math alphabet `\mathrm' in version `black'
(Font)                  > T1/formata/b/n on input line 24.
LaTeX Font Info:    Overwriting math alphabet `\mathit' in version `black'
(Font)                  OT1/cmr/m/it --> T1/formata/b/it on input line 24.
LaTeX Font Info:    Overwriting math alphabet `\mathbf' in version `black'
(Font)                  OT1/cmr/bx/n --> T1/formata/b/n on input line 24.
LaTeX Font Info:    Overwriting math alphabet `\mathtt' in version `black'
(Font)                  OT1/cmtt/m/n --> OT1/pcr/b/n on input line 24.
LaTeX Font Info:    Trying to load font information for T1+ptm on input line 24
.
(c:/texlive/2022/texmf-dist/tex/latex/psnfss/t1ptm.fd
File: t1ptm.fd 2001/06/04 font definitions for T1/ptm.
)
LaTeX Font Info:    Trying to load font information for T1+times on input line 
24.
 (./t1times.fd)
(c:/texlive/2022/texmf-dist/tex/context/base/mkii/supp-pdf.mkii
[Loading MPS to PDF converter (version 2006.09.02).]
\scratchcounter=\count304
\scratchdimen=\dimen197
\scratchbox=\box70
\nofMPsegments=\count305
\nofMParguments=\count306
\everyMPshowfont=\toks32
\MPscratchCnt=\count307
\MPscratchDim=\dimen198
\MPnumerator=\count308
\makeMPintoPDFobject=\count309
\everyMPtoPDFconversion=\toks33
) (c:/texlive/2022/texmf-dist/tex/latex/epstopdf-pkg/epstopdf-base.sty
Package: epstopdf-base 2020-01-24 v2.11 Base part for package epstopdf
Package epstopdf-base Info: Redefining graphics rule for `.eps' on input line 4
85.

(c:/texlive/2022/texmf-dist/tex/latex/latexconfig/epstopdf-sys.cfg
File: epstopdf-sys.cfg 2010/07/13 v1.3 Configuration of (r)epstopdf for TeX Liv
e
))
Package caption Info: Begin \AtBeginDocument code.
Package caption Info: End \AtBeginDocument code.
<bullet.png, id=3, 12.045pt x 35.38219pt>
File: bullet.png Graphic file (type png)
<use bullet.png>
Package pdftex.def Info: bullet.png  used on input line 62.
(pdftex.def)             Requested size: 5.0pt x 14.6871pt.
File: bullet.png Graphic file (type png)
<use bullet.png>
Package pdftex.def Info: bullet.png  used on input line 68.
(pdftex.def)             Requested size: 5.0pt x 14.6871pt.
LaTeX Font Info:    Trying to load font information for U+msa on input line 74.


(c:/texlive/2022/texmf-dist/tex/latex/amsfonts/umsa.fd
File: umsa.fd 2013/01/14 v3.01 AMS symbols A
)
LaTeX Font Info:    Trying to load font information for U+msb on input line 74.


(c:/texlive/2022/texmf-dist/tex/latex/amsfonts/umsb.fd
File: umsb.fd 2013/01/14 v3.01 AMS symbols B
)
LaTeX Font Info:    Calculating math sizes for size <9.9> on input line 74.
LaTeX Font Info:    Calculating math sizes for size <6.6> on input line 74.

Overfull \hbox (9.2679pt too wide) in paragraph at lines 74--74
[]  
 []


Overfull \hbox (9.2679pt too wide) in paragraph at lines 74--74
[]  
 []

(./Introduction.tex
Underfull \vbox (badness 2285) has occurred while \output is active []


Underfull \vbox (badness 10000) has occurred while \output is active []

<logo.png, id=4, 206.27063pt x 53.44969pt>
File: logo.png Graphic file (type png)
<use logo.png>
Package pdftex.def Info: logo.png  used on input line 6.
(pdftex.def)             Requested size: 91.32pt x 23.66309pt.

Overfull \hbox (505.12177pt too wide) has occurred while \output is active
[]
 []


Overfull \hbox (505.12177pt too wide) has occurred while \output is active
[]
 []


Overfull \hbox (505.12177pt too wide) has occurred while \output is active
[]
 []


Underfull \hbox (badness 10000) has occurred while \output is active
[]
 []

[1
Non-PDF special ignored!
<special> header=psfrag.pro


 <./logo.png> <./bullet.png>]
Underfull \hbox (badness 1509) in paragraph at lines 14--15
\T1/times/n/n/10 tures us-ing a ge-o-met-ric fea-ture pre-dic-tion net-work,
 []


Underfull \hbox (badness 3000) in paragraph at lines 16--17
[]\T1/times/b/n/10 Visual-to-Geometric Fea-ture Re-con-struc-tion\T1/times/n/n/
10 : The
 []


Underfull \hbox (badness 10000) in paragraph at lines 20--21
\T1/times/n/n/10 strates state-of-the-art per-for-mance on in-dus-trial
 []

) (./RelatedWork.tex
<notaglinelogo.png, id=16, 169.38281pt x 42.91031pt>
File: notaglinelogo.png Graphic file (type png)
<use notaglinelogo.png>
Package pdftex.def Info: notaglinelogo.png  used on input line 11.
(pdftex.def)             Requested size: 91.32pt x 23.1352pt.


LaTeX Font Warning: Font shape `T1/formata/m/sl' undefined
(Font)              using `T1/formata/m/it' instead on input line 11.


Overfull \hbox (505.12177pt too wide) has occurred while \output is active
[]
 []


Overfull \hbox (505.12177pt too wide) has occurred while \output is active
[]
 []


Underfull \hbox (badness 10000) has occurred while \output is active
[]
 []

[2 <./notaglinelogo.png>]) (./Method.tex
<figs/overview.png, id=23, 841.64438pt x 263.48438pt>
File: figs/overview.png Graphic file (type png)
<use figs/overview.png>
Package pdftex.def Info: figs/overview.png  used on input line 5.
(pdftex.def)             Requested size: 505.12177pt x 158.13606pt.


LaTeX Font Warning: Font shape `T1/formata/m/sl' undefined
(Font)              using `T1/formata/m/it' instead on input line 11.

File: notaglinelogo.png Graphic file (type png)
<use notaglinelogo.png>
Package pdftex.def Info: notaglinelogo.png  used on input line 11.
(pdftex.def)             Requested size: 91.32pt x 23.1352pt.

Overfull \hbox (505.12177pt too wide) has occurred while \output is active
[]
 []


Overfull \hbox (505.12177pt too wide) has occurred while \output is active
[]
 []


Underfull \hbox (badness 10000) has occurred while \output is active
[]
 []

[3]
Underfull \hbox (badness 1448) in paragraph at lines 25--26
\T1/times/n/n/10 [41] and the au-toen-coder to pro-duce ge-o-met-ric fea-tures
 []

<figs/NL.png, id=36, 985.6825pt x 428.60126pt>
File: figs/NL.png Graphic file (type png)
<use figs/NL.png>
Package pdftex.def Info: figs/NL.png  used on input line 57.
(pdftex.def)             Requested size: 404.09895pt x 175.71457pt.
File: notaglinelogo.png Graphic file (type png)
<use notaglinelogo.png>
Package pdftex.def Info: notaglinelogo.png  used on input line 63.
(pdftex.def)             Requested size: 91.32pt x 23.1352pt.

LaTeX Font Warning: Font shape `T1/formata/m/sl' undefined
(Font)              using `T1/formata/m/it' instead on input line 63.


Overfull \hbox (505.12177pt too wide) has occurred while \output is active
[]
 []


Overfull \hbox (505.12177pt too wide) has occurred while \output is active
[]
 []


Underfull \hbox (badness 10000) has occurred while \output is active
[]
 []

[4 <./figs/overview.png>]
LaTeX Font Info:    Trying to load font information for U+euf on input line 64.


(c:/texlive/2022/texmf-dist/tex/latex/amsfonts/ueuf.fd
File: ueuf.fd 2013/01/14 v3.01 Euler Fraktur
)
Underfull \vbox (badness 10000) has occurred while \output is active []



LaTeX Font Warning: Font shape `T1/formata/m/sl' undefined
(Font)              using `T1/formata/m/it' instead on input line 101.

File: notaglinelogo.png Graphic file (type png)
<use notaglinelogo.png>
Package pdftex.def Info: notaglinelogo.png  used on input line 101.
(pdftex.def)             Requested size: 91.32pt x 23.1352pt.

Overfull \hbox (505.12177pt too wide) has occurred while \output is active
[]
 []


Overfull \hbox (505.12177pt too wide) has occurred while \output is active
[]
 []


Underfull \hbox (badness 10000) has occurred while \output is active
[]
 []

[5 <./figs/NL.png>]) (./Results.tex
<figs/result_rgb.png, id=49, 1042.64531pt x 218.31563pt>
File: figs/result_rgb.png Graphic file (type png)
<use figs/result_rgb.png>
Package pdftex.def Info: figs/result_rgb.png  used on input line 6.
(pdftex.def)             Requested size: 505.12177pt x 105.76634pt.
<figs/result_pc.png, id=50, 1041.1397pt x 151.3153pt>
File: figs/result_pc.png Graphic file (type png)
<use figs/result_pc.png>
Package pdftex.def Info: figs/result_pc.png  used on input line 7.
(pdftex.def)             Requested size: 505.12177pt x 73.41322pt.
<figs/result_gt.png, id=51, 1041.8925pt x 205.5178pt>
File: figs/result_gt.png Graphic file (type png)
<use figs/result_gt.png>
Package pdftex.def Info: figs/result_gt.png  used on input line 8.
(pdftex.def)             Requested size: 505.12177pt x 99.63838pt.
<figs/result_baseline.png, id=52, 1396.21625pt x 283.0575pt>
File: figs/result_baseline.png Graphic file (type png)
<use figs/result_baseline.png>
Package pdftex.def Info: figs/result_baseline.png  used on input line 9.
(pdftex.def)             Requested size: 505.12177pt x 102.40594pt.
<figs/result_ours.png, id=53, 1397.22pt x 271.0125pt>
File: figs/result_ours.png Graphic file (type png)
<use figs/result_ours.png>
Package pdftex.def Info: figs/result_ours.png  used on input line 10.
(pdftex.def)             Requested size: 505.12177pt x 97.97795pt.

Underfull \hbox (badness 10000) in paragraph at lines 17--18

 []


Underfull \hbox (badness 2326) in paragraph at lines 19--20
\T1/times/b/n/10 Implementation De-tails. \T1/times/n/n/10 Fol-low-ing [15], we
 ap-ply the
 []


Underfull \hbox (badness 10000) in paragraph at lines 19--20

 []

File: notaglinelogo.png Graphic file (type png)
<use notaglinelogo.png>
Package pdftex.def Info: notaglinelogo.png  used on input line 20.
(pdftex.def)             Requested size: 91.32pt x 23.1352pt.

LaTeX Font Warning: Font shape `T1/formata/m/sl' undefined
(Font)              using `T1/formata/m/it' instead on input line 20.


Overfull \hbox (505.12177pt too wide) has occurred while \output is active
[]
 []


Overfull \hbox (505.12177pt too wide) has occurred while \output is active
[]
 []


Underfull \hbox (badness 10000) has occurred while \output is active
[]
 []

[6]
Underfull \vbox (badness 10000) has occurred while \output is active []


Underfull \vbox (badness 10000) has occurred while \output is active []



LaTeX Font Warning: Font shape `T1/formata/m/sl' undefined
(Font)              using `T1/formata/m/it' instead on input line 22.

File: notaglinelogo.png Graphic file (type png)
<use notaglinelogo.png>
Package pdftex.def Info: notaglinelogo.png  used on input line 22.
(pdftex.def)             Requested size: 91.32pt x 23.1352pt.

Overfull \hbox (505.12177pt too wide) has occurred while \output is active
[]
 []


Overfull \hbox (505.12177pt too wide) has occurred while \output is active
[]
 []


Underfull \hbox (badness 10000) has occurred while \output is active
[]
 []

[7 <./figs/result_rgb.png> <./figs/result_pc.png> <./figs/result_gt.png> <./fig
s/result_baseline.png> <./figs/result_ours.png>]
Overfull \hbox (4.08356pt too wide) in paragraph at lines 35--35
[][] 
 []


Overfull \hbox (4.08356pt too wide) in paragraph at lines 46--46
[][] 
 []


Overfull \hbox (4.08356pt too wide) in paragraph at lines 53--53
[][] 
 []


Overfull \hbox (4.08356pt too wide) in paragraph at lines 78--78
[][] 
 []


Overfull \hbox (4.08356pt too wide) in paragraph at lines 87--87
[][] 
 []


Overfull \hbox (4.08356pt too wide) in paragraph at lines 92--92
[][] 
 []


LaTeX Warning: `h' float specifier changed to `ht'.

File: notaglinelogo.png Graphic file (type png)
<use notaglinelogo.png>
Package pdftex.def Info: notaglinelogo.png  used on input line 136.
(pdftex.def)             Requested size: 91.32pt x 23.1352pt.

LaTeX Font Warning: Font shape `T1/formata/m/sl' undefined
(Font)              using `T1/formata/m/it' instead on input line 136.


Overfull \hbox (505.12177pt too wide) has occurred while \output is active
[]
 []


Overfull \hbox (505.12177pt too wide) has occurred while \output is active
[]
 []


Underfull \hbox (badness 10000) has occurred while \output is active
[]
 []

[8]
Underfull \vbox (badness 10000) has occurred while \output is active []

)
(./access.bbl
Underfull \vbox (badness 3769) has occurred while \output is active []



LaTeX Font Warning: Font shape `T1/formata/m/sl' undefined
(Font)              using `T1/formata/m/it' instead on input line 2.

File: notaglinelogo.png Graphic file (type png)
<use notaglinelogo.png>
Package pdftex.def Info: notaglinelogo.png  used on input line 2.
(pdftex.def)             Requested size: 91.32pt x 23.1352pt.

Overfull \hbox (505.12177pt too wide) has occurred while \output is active
[]
 []


Overfull \hbox (505.12177pt too wide) has occurred while \output is active
[]
 []


Underfull \hbox (badness 10000) has occurred while \output is active
[]
 []

[9]
Underfull \vbox (badness 10000) has occurred while \output is active []


Underfull \hbox (badness 1527) in paragraph at lines 46--51
\T1/times/n/n/7.61 supervised anomaly de-tec-tion via ad-ver-sar-ial train-ing,
'' in \T1/times/n/it/7.61 Com-puter
 []

File: notaglinelogo.png Graphic file (type png)
<use notaglinelogo.png>
Package pdftex.def Info: notaglinelogo.png  used on input line 74.
(pdftex.def)             Requested size: 91.32pt x 23.1352pt.

LaTeX Font Warning: Font shape `T1/formata/m/sl' undefined
(Font)              using `T1/formata/m/it' instead on input line 74.


Overfull \hbox (505.12177pt too wide) has occurred while \output is active
[]
 []


Overfull \hbox (505.12177pt too wide) has occurred while \output is active
[]
 []


Underfull \hbox (badness 10000) has occurred while \output is active
[]
 []

[10])

LaTeX Font Warning: Font shape `T1/formata/m/sl' undefined
(Font)              using `T1/formata/m/it' instead on input line 89.

File: notaglinelogo.png Graphic file (type png)
<use notaglinelogo.png>
Package pdftex.def Info: notaglinelogo.png  used on input line 89.
(pdftex.def)             Requested size: 91.32pt x 23.1352pt.

Overfull \hbox (505.12177pt too wide) has occurred while \output is active
[]
 []


Overfull \hbox (505.12177pt too wide) has occurred while \output is active
[]
 []


Underfull \hbox (badness 10000) has occurred while \output is active
[]
 []

[11]
<authors/prof_Tan.png, id=79, 416.55624pt x 491.8375pt>
File: authors/prof_Tan.png Graphic file (type png)
<use authors/prof_Tan.png>
Package pdftex.def Info: authors/prof_Tan.png  used on input line 89.
(pdftex.def)             Requested size: 72.26917pt x 85.32986pt.
File: authors/prof_Tan.png Graphic file (type png)
<use authors/prof_Tan.png>
Package pdftex.def Info: authors/prof_Tan.png  used on input line 89.
(pdftex.def)             Requested size: 72.26917pt x 85.32986pt.
<authors/DinhCuong.jpg, id=82, 1300.86pt x 1334.9875pt>
File: authors/DinhCuong.jpg Graphic file (type jpg)
<use authors/DinhCuong.jpg>
Package pdftex.def Info: authors/DinhCuong.jpg  used on input line 92.
(pdftex.def)             Requested size: 72.25217pt x 74.14767pt.
File: authors/DinhCuong.jpg Graphic file (type jpg)
<use authors/DinhCuong.jpg>
Package pdftex.def Info: authors/DinhCuong.jpg  used on input line 92.
(pdftex.def)             Requested size: 72.25217pt x 74.14767pt.
Package epstopdf Info: Source file: <authors/NguyenAnhNhat.eps>
(epstopdf)                    date: 2023-10-03 00:07:06
(epstopdf)                    size: 272016 bytes
(epstopdf)             Output file: <authors/NguyenAnhNhat-eps-converted-to.pdf
>
(epstopdf)                    date: 2024-10-17 09:07:16
(epstopdf)                    size: 16371 bytes
(epstopdf)             Command: <repstopdf --outfile=authors/NguyenAnhNhat-eps-
converted-to.pdf authors/NguyenAnhNhat.eps>
(epstopdf)             \includegraphics on input line 95.
Package epstopdf Info: Output file is already uptodate.


pdfTeX warning: pdflatex.exe (file ./authors/NguyenAnhNhat-eps-converted-to.pdf
): PDF inclusion: found PDF version <1.7>, but at most version <1.5> allowed
<authors/NguyenAnhNhat-eps-converted-to.pdf, id=85, 118.4425pt x 173.64874pt>
File: authors/NguyenAnhNhat-eps-converted-to.pdf Graphic file (type pdf)
<use authors/NguyenAnhNhat-eps-converted-to.pdf>
Package pdftex.def Info: authors/NguyenAnhNhat-eps-converted-to.pdf  used on in
put line 95.
(pdftex.def)             Requested size: 61.61935pt x 90.34026pt.
Package epstopdf Info: Source file: <authors/NguyenAnhNhat.eps>
(epstopdf)                    date: 2023-10-03 00:07:06
(epstopdf)                    size: 272016 bytes
(epstopdf)             Output file: <authors/NguyenAnhNhat-eps-converted-to.pdf
>
(epstopdf)                    date: 2024-10-17 09:07:16
(epstopdf)                    size: 16371 bytes
(epstopdf)             Command: <repstopdf --outfile=authors/NguyenAnhNhat-eps-
converted-to.pdf authors/NguyenAnhNhat.eps>
(epstopdf)             \includegraphics on input line 95.
Package epstopdf Info: Output file is already uptodate.
File: authors/NguyenAnhNhat-eps-converted-to.pdf Graphic file (type pdf)
<use authors/NguyenAnhNhat-eps-converted-to.pdf>
Package pdftex.def Info: authors/NguyenAnhNhat-eps-converted-to.pdf  used on in
put line 95.
(pdftex.def)             Requested size: 61.61935pt x 90.34026pt.
<authors/TranDucThanh.png, id=88, 1724.4425pt x 2740.2375pt>
File: authors/TranDucThanh.png Graphic file (type png)
<use authors/TranDucThanh.png>
Package pdftex.def Info: authors/TranDucThanh.png  used on input line 98.
(pdftex.def)             Requested size: 56.83572pt x 90.31522pt.
File: authors/TranDucThanh.png Graphic file (type png)
<use authors/TranDucThanh.png>
Package pdftex.def Info: authors/TranDucThanh.png  used on input line 98.
(pdftex.def)             Requested size: 56.83572pt x 90.31522pt.
<authors/DuongVanHiep.png, id=91, 336.25626pt x 340.27126pt>
File: authors/DuongVanHiep.png Graphic file (type png)
<use authors/DuongVanHiep.png>
Package pdftex.def Info: authors/DuongVanHiep.png  used on input line 101.
(pdftex.def)             Requested size: 72.26802pt x 73.13092pt.
File: authors/DuongVanHiep.png Graphic file (type png)
<use authors/DuongVanHiep.png>
Package pdftex.def Info: authors/DuongVanHiep.png  used on input line 101.
(pdftex.def)             Requested size: 72.26802pt x 73.13092pt.
<authors/MaiAnhTruong.jpg, id=94, 355.3275pt x 473.77pt>
File: authors/MaiAnhTruong.jpg Graphic file (type jpg)
<use authors/MaiAnhTruong.jpg>
Package pdftex.def Info: authors/MaiAnhTruong.jpg  used on input line 104.
(pdftex.def)             Requested size: 67.75148pt x 90.33531pt.
File: authors/MaiAnhTruong.jpg Graphic file (type jpg)
<use authors/MaiAnhTruong.jpg>
Package pdftex.def Info: authors/MaiAnhTruong.jpg  used on input line 104.
(pdftex.def)             Requested size: 67.75148pt x 90.33531pt.
<authors/PhamDucLong.jpg, id=97, 947.54pt x 1423.3175pt>
File: authors/PhamDucLong.jpg Graphic file (type jpg)
<use authors/PhamDucLong.jpg>
Package pdftex.def Info: authors/PhamDucLong.jpg  used on input line 107.
(pdftex.def)             Requested size: 60.13197pt x 90.32536pt.
File: authors/PhamDucLong.jpg Graphic file (type jpg)
<use authors/PhamDucLong.jpg>
Package pdftex.def Info: authors/PhamDucLong.jpg  used on input line 107.
(pdftex.def)             Requested size: 60.13197pt x 90.32536pt.
<authors/PhanKhanhToan.jpg, id=100, 1456.44125pt x 1947.275pt>
File: authors/PhanKhanhToan.jpg Graphic file (type jpg)
<use authors/PhanKhanhToan.jpg>
Package pdftex.def Info: authors/PhanKhanhToan.jpg  used on input line 110.
(pdftex.def)             Requested size: 67.55936pt x 90.32747pt.
File: authors/PhanKhanhToan.jpg Graphic file (type jpg)
<use authors/PhanKhanhToan.jpg>
Package pdftex.def Info: authors/PhanKhanhToan.jpg  used on input line 110.
(pdftex.def)             Requested size: 67.55936pt x 90.32747pt.
File: authors/DuongVanHiep.png Graphic file (type png)
<use authors/DuongVanHiep.png>
Package pdftex.def Info: authors/DuongVanHiep.png  used on input line 113.
(pdftex.def)             Requested size: 72.26802pt x 73.13092pt.
File: authors/DuongVanHiep.png Graphic file (type png)
<use authors/DuongVanHiep.png>
Package pdftex.def Info: authors/DuongVanHiep.png  used on input line 113.
(pdftex.def)             Requested size: 72.26802pt x 73.13092pt.
<authors/DinhXuanTung.jpg, id=105, 860.21375pt x 1284.8pt>
File: authors/DinhXuanTung.jpg Graphic file (type jpg)
<use authors/DinhXuanTung.jpg>
Package pdftex.def Info: authors/DinhXuanTung.jpg  used on input line 116.
(pdftex.def)             Requested size: 60.48363pt x 90.33728pt.
File: authors/DinhXuanTung.jpg Graphic file (type jpg)
<use authors/DinhXuanTung.jpg>
Package pdftex.def Info: authors/DinhXuanTung.jpg  used on input line 116.
(pdftex.def)             Requested size: 60.48363pt x 90.33728pt.
File: notaglinelogo.png Graphic file (type png)
<use notaglinelogo.png>
Package pdftex.def Info: notaglinelogo.png  used on input line 119.
(pdftex.def)             Requested size: 91.32pt x 23.1352pt.

LaTeX Font Warning: Font shape `T1/formata/m/sl' undefined
(Font)              using `T1/formata/m/it' instead on input line 119.


Overfull \hbox (505.12177pt too wide) has occurred while \output is active
[]
 []


Overfull \hbox (505.12177pt too wide) has occurred while \output is active
[]
 []


Underfull \hbox (badness 10000) has occurred while \output is active
[]
 []

[12 <./authors/prof_Tan.png> <./authors/DinhCuong.jpg> <./authors/NguyenAnhNhat
-eps-converted-to.pdf> <./authors/TranDucThanh.png> <./authors/DuongVanHiep.png
> <./authors/MaiAnhTruong.jpg> <./authors/PhamDucLong.jpg> <./authors/PhanKhanh
Toan.jpg> <./authors/DinhXuanTung.jpg>]
<authors/TranThiThuyTrang.jpg, id=127, 850.17625pt x 1284.8pt>
File: authors/TranThiThuyTrang.jpg Graphic file (type jpg)
<use authors/TranThiThuyTrang.jpg>
Package pdftex.def Info: authors/TranThiThuyTrang.jpg  used on input line 119.
(pdftex.def)             Requested size: 59.77786pt x 90.33728pt.
File: authors/TranThiThuyTrang.jpg Graphic file (type jpg)
<use authors/TranThiThuyTrang.jpg>
Package pdftex.def Info: authors/TranThiThuyTrang.jpg  used on input line 119.
(pdftex.def)             Requested size: 59.77786pt x 90.33728pt.
<authors/PhamXuanDuong.jpeg, id=130, 3424.795pt x 5139.2pt>
File: authors/PhamXuanDuong.jpeg Graphic file (type jpg)
<use authors/PhamXuanDuong.jpeg>
Package pdftex.def Info: authors/PhamXuanDuong.jpeg  used on input line 122.
(pdftex.def)             Requested size: 60.20132pt x 90.33728pt.
File: authors/PhamXuanDuong.jpeg Graphic file (type jpg)
<use authors/PhamXuanDuong.jpeg>
Package pdftex.def Info: authors/PhamXuanDuong.jpeg  used on input line 122.
(pdftex.def)             Requested size: 60.20132pt x 90.33728pt.
<authors/NguyenNhatLinh.jpeg, id=133, 1525.7pt x 2573.615pt>
File: authors/NguyenNhatLinh.jpeg Graphic file (type jpg)
<use authors/NguyenNhatLinh.jpeg>
Package pdftex.def Info: authors/NguyenNhatLinh.jpeg  used on input line 125.
(pdftex.def)             Requested size: 53.54463pt x 90.32135pt.
File: authors/NguyenNhatLinh.jpeg Graphic file (type jpg)
<use authors/NguyenNhatLinh.jpeg>
Package pdftex.def Info: authors/NguyenNhatLinh.jpeg  used on input line 125.
(pdftex.def)             Requested size: 53.54463pt x 90.32135pt.
<authors/TrinhVietAnh.jpg, id=136, 113.223pt x 169.8345pt>
File: authors/TrinhVietAnh.jpg Graphic file (type jpg)
<use authors/TrinhVietAnh.jpg>
Package pdftex.def Info: authors/TrinhVietAnh.jpg  used on input line 128.
(pdftex.def)             Requested size: 60.22557pt x 90.33836pt.
File: authors/TrinhVietAnh.jpg Graphic file (type jpg)
<use authors/TrinhVietAnh.jpg>
Package pdftex.def Info: authors/TrinhVietAnh.jpg  used on input line 128.
(pdftex.def)             Requested size: 60.22557pt x 90.33836pt.
<authors/TranKhanhDuong.jpg, id=139, 1276.77pt x 1370.87157pt>
File: authors/TranKhanhDuong.jpg Graphic file (type jpg)
<use authors/TranKhanhDuong.jpg>
Package pdftex.def Info: authors/TranKhanhDuong.jpg  used on input line 131.
(pdftex.def)             Requested size: 72.25842pt x 77.58408pt.
File: authors/TranKhanhDuong.jpg Graphic file (type jpg)
<use authors/TranKhanhDuong.jpg>
Package pdftex.def Info: authors/TranKhanhDuong.jpg  used on input line 131.
(pdftex.def)             Requested size: 72.25842pt x 77.58408pt.

Underfull \hbox (badness 1983) in paragraph at lines 131--132
\T1/times/n/n/8 gree in In-for-ma-tion Tech-nol-ogy at Green-wich
 []

<authors/BuiSonAnh.jpg, id=142, 602.25pt x 602.25pt>
File: authors/BuiSonAnh.jpg Graphic file (type jpg)
<use authors/BuiSonAnh.jpg>
Package pdftex.def Info: authors/BuiSonAnh.jpg  used on input line 134.
(pdftex.def)             Requested size: 72.26688pt x 72.26688pt.
File: authors/BuiSonAnh.jpg Graphic file (type jpg)
<use authors/BuiSonAnh.jpg>
Package pdftex.def Info: authors/BuiSonAnh.jpg  used on input line 134.
(pdftex.def)             Requested size: 72.26688pt x 72.26688pt.
File: bullet.png Graphic file (type png)
<use bullet.png>
Package pdftex.def Info: bullet.png  used on input line 137.
(pdftex.def)             Requested size: 5.0pt x 14.6871pt.

LaTeX Font Warning: Font shape `T1/formata/m/sl' undefined
(Font)              using `T1/formata/m/it' instead on input line 139.

File: notaglinelogo.png Graphic file (type png)
<use notaglinelogo.png>
Package pdftex.def Info: notaglinelogo.png  used on input line 139.
(pdftex.def)             Requested size: 91.32pt x 23.1352pt.

Overfull \hbox (505.12177pt too wide) has occurred while \output is active
[]
 []


Overfull \hbox (505.12177pt too wide) has occurred while \output is active
[]
 []


Underfull \hbox (badness 10000) has occurred while \output is active
[]
 []

[13 <./authors/TranThiThuyTrang.jpg> <./authors/PhamXuanDuong.jpeg> <./authors/
NguyenNhatLinh.jpeg> <./authors/TrinhVietAnh.jpg> <./authors/TranKhanhDuong.jpg
> <./authors/BuiSonAnh.jpg>] (./access.aux) ) 
Here is how much of TeX's memory you used:
 8083 strings out of 475075
 137669 string characters out of 5783001
 538411 words of memory out of 5000000
 29299 multiletter control sequences out of 15000+600000
 548106 words of font info for 156 fonts, out of 8000000 for 9000
 1141 hyphenation exceptions out of 8191
 70i,15n,117p,2375b,521s stack positions out of 10000i,1000n,20000p,200000b,200000s
<c:/texlive/2022/texmf-dist/fonts/
type1/public/amsfonts/cm/cmbx10.pfb><c:/texlive/2022/texmf-dist/fonts/type1/pub
lic/amsfonts/cm/cmbx7.pfb><c:/texlive/2022/texmf-dist/fonts/type1/public/amsfon
ts/cm/cmex10.pfb><c:/texlive/2022/texmf-dist/fonts/type1/public/amsfonts/cm/cmm
i10.pfb><c:/texlive/2022/texmf-dist/fonts/type1/public/amsfonts/cm/cmmi7.pfb><c
:/texlive/2022/texmf-dist/fonts/type1/public/amsfonts/cm/cmr10.pfb><c:/texlive/
2022/texmf-dist/fonts/type1/public/amsfonts/cm/cmr5.pfb><c:/texlive/2022/texmf-
dist/fonts/type1/public/amsfonts/cm/cmr7.pfb><c:/texlive/2022/texmf-dist/fonts/
type1/public/amsfonts/cm/cmsy10.pfb><c:/texlive/2022/texmf-dist/fonts/type1/pub
lic/amsfonts/cm/cmsy7.pfb><c:/texlive/2022/texmf-dist/fonts/type1/public/amsfon
ts/cm/cmsy8.pfb><c:/texlive/2022/texmf-dist/fonts/type1/public/amsfonts/euler/e
ufm10.pfb><c:/texlive/2022/texmf-dist/fonts/type1/public/amsfonts/symbols/msbm1
0.pfb><./t1-formata-bold.pfb><./t1-formata-condmedium.pfb><./t1-formata-medium.
pfb><./t1-formata-mediumitalic.pfb><./t1-formata-regular.pfb><./t1-giovannistd-
bookitalic.pfb><./t1-times-bold.pfb><./t1-times-italic.pfb><./t1-times.pfb>
Output written on access.pdf (13 pages, 10216706 bytes).
PDF statistics:
 247 PDF objects out of 1000 (max. 8388607)
 118 compressed objects within 2 object streams
 0 named destinations out of 1000 (max. 500000)
 326 words of extra memory for PDF output out of 10000 (max. 10000000)

